[debug] [2025-03-16T02:49:54.821Z] ----------------------------------------------------------------------
[debug] [2025-03-16T02:49:54.824Z] Command:       C:\Program Files\nodejs\node.exe C:\Users\renat\AppData\Roaming\npm\node_modules\firebase-tools\lib\bin\firebase.js deploy
[debug] [2025-03-16T02:49:54.824Z] CLI Version:   13.22.1
[debug] [2025-03-16T02:49:54.824Z] Platform:      win32
[debug] [2025-03-16T02:49:54.824Z] Node Version:  v20.11.0
[debug] [2025-03-16T02:49:54.824Z] Time:          Sat Mar 15 2025 23:49:54 GMT-0300 (hora estándar de Argentina)
[debug] [2025-03-16T02:49:54.824Z] ----------------------------------------------------------------------
[debug] 
[debug] [2025-03-16T02:49:54.868Z] > command requires scopes: ["email","openid","https://www.googleapis.com/auth/cloudplatformprojects.readonly","https://www.googleapis.com/auth/firebase","https://www.googleapis.com/auth/cloud-platform"]
[debug] [2025-03-16T02:49:54.868Z] > authorizing via signed-in user (appwebama@gmail.com)
[debug] [2025-03-16T02:49:54.868Z] [iam] checking project asociacion-mendocina-atletismo for permissions ["cloudfunctions.functions.create","cloudfunctions.functions.delete","cloudfunctions.functions.get","cloudfunctions.functions.list","cloudfunctions.functions.update","cloudfunctions.operations.get","firebase.projects.get"]
[debug] [2025-03-16T02:49:54.869Z] Checked if tokens are valid: true, expires at: 1742096985004
[debug] [2025-03-16T02:49:54.869Z] Checked if tokens are valid: true, expires at: 1742096985004
[debug] [2025-03-16T02:49:54.870Z] >>> [apiv2][query] POST https://cloudresourcemanager.googleapis.com/v1/projects/asociacion-mendocina-atletismo:testIamPermissions [none]
[debug] [2025-03-16T02:49:54.870Z] >>> [apiv2][(partial)header] POST https://cloudresourcemanager.googleapis.com/v1/projects/asociacion-mendocina-atletismo:testIamPermissions x-goog-quota-user=projects/asociacion-mendocina-atletismo
[debug] [2025-03-16T02:49:54.870Z] >>> [apiv2][body] POST https://cloudresourcemanager.googleapis.com/v1/projects/asociacion-mendocina-atletismo:testIamPermissions {"permissions":["cloudfunctions.functions.create","cloudfunctions.functions.delete","cloudfunctions.functions.get","cloudfunctions.functions.list","cloudfunctions.functions.update","cloudfunctions.operations.get","firebase.projects.get"]}
[debug] [2025-03-16T02:49:55.851Z] <<< [apiv2][status] POST https://cloudresourcemanager.googleapis.com/v1/projects/asociacion-mendocina-atletismo:testIamPermissions 200
[debug] [2025-03-16T02:49:55.852Z] <<< [apiv2][body] POST https://cloudresourcemanager.googleapis.com/v1/projects/asociacion-mendocina-atletismo:testIamPermissions {"permissions":["cloudfunctions.functions.create","cloudfunctions.functions.delete","cloudfunctions.functions.get","cloudfunctions.functions.list","cloudfunctions.functions.update","cloudfunctions.operations.get","firebase.projects.get"]}
[debug] [2025-03-16T02:49:55.852Z] Checked if tokens are valid: true, expires at: 1742096985004
[debug] [2025-03-16T02:49:55.852Z] Checked if tokens are valid: true, expires at: 1742096985004
[debug] [2025-03-16T02:49:55.852Z] >>> [apiv2][query] POST https://iam.googleapis.com/v1/projects/asociacion-mendocina-atletismo/serviceAccounts/asociacion-mendocina-atletismo@appspot.gserviceaccount.com:testIamPermissions [none]
[debug] [2025-03-16T02:49:55.852Z] >>> [apiv2][body] POST https://iam.googleapis.com/v1/projects/asociacion-mendocina-atletismo/serviceAccounts/asociacion-mendocina-atletismo@appspot.gserviceaccount.com:testIamPermissions {"permissions":["iam.serviceAccounts.actAs"]}
[debug] [2025-03-16T02:49:56.881Z] <<< [apiv2][status] POST https://iam.googleapis.com/v1/projects/asociacion-mendocina-atletismo/serviceAccounts/asociacion-mendocina-atletismo@appspot.gserviceaccount.com:testIamPermissions 200
[debug] [2025-03-16T02:49:56.882Z] <<< [apiv2][body] POST https://iam.googleapis.com/v1/projects/asociacion-mendocina-atletismo/serviceAccounts/asociacion-mendocina-atletismo@appspot.gserviceaccount.com:testIamPermissions {"permissions":["iam.serviceAccounts.actAs"]}
[info] 
[info] === Deploying to 'asociacion-mendocina-atletismo'...
[info] 
[info] i  deploying functions 
[debug] [2025-03-16T02:49:56.885Z] Checked if tokens are valid: true, expires at: 1742096985004
[debug] [2025-03-16T02:49:56.885Z] Checked if tokens are valid: true, expires at: 1742096985004
[debug] [2025-03-16T02:49:56.885Z] >>> [apiv2][query] GET https://firebase.googleapis.com/v1beta1/projects/asociacion-mendocina-atletismo [none]
[debug] [2025-03-16T02:49:57.439Z] <<< [apiv2][status] GET https://firebase.googleapis.com/v1beta1/projects/asociacion-mendocina-atletismo 200
[debug] [2025-03-16T02:49:57.439Z] <<< [apiv2][body] GET https://firebase.googleapis.com/v1beta1/projects/asociacion-mendocina-atletismo {"projectId":"asociacion-mendocina-atletismo","projectNumber":"705734067673","displayName":"asociacion-mendocina-atletismo","name":"projects/asociacion-mendocina-atletismo","resources":{"hostingSite":"asociacion-mendocina-atletismo","locationId":"southamerica-east1"},"state":"ACTIVE","etag":"1_e5fe2d2c-5bd1-4f3d-aa50-e41710cbcc35"}
[info] i  functions: preparing codebase default for deployment 
[info] i  functions: ensuring required API cloudfunctions.googleapis.com is enabled... 
[debug] [2025-03-16T02:49:57.440Z] Checked if tokens are valid: true, expires at: 1742096985004
[debug] [2025-03-16T02:49:57.440Z] Checked if tokens are valid: true, expires at: 1742096985004
[debug] [2025-03-16T02:49:57.440Z] Checked if tokens are valid: true, expires at: 1742096985004
[debug] [2025-03-16T02:49:57.440Z] Checked if tokens are valid: true, expires at: 1742096985004
[info] i  functions: ensuring required API cloudbuild.googleapis.com is enabled... 
[debug] [2025-03-16T02:49:57.441Z] Checked if tokens are valid: true, expires at: 1742096985004
[debug] [2025-03-16T02:49:57.441Z] Checked if tokens are valid: true, expires at: 1742096985004
[info] i  artifactregistry: ensuring required API artifactregistry.googleapis.com is enabled... 
[debug] [2025-03-16T02:49:57.441Z] Checked if tokens are valid: true, expires at: 1742096985004
[debug] [2025-03-16T02:49:57.441Z] Checked if tokens are valid: true, expires at: 1742096985004
[debug] [2025-03-16T02:49:57.442Z] >>> [apiv2][query] GET https://serviceusage.googleapis.com/v1/projects/asociacion-mendocina-atletismo/services/cloudfunctions.googleapis.com [none]
[debug] [2025-03-16T02:49:57.442Z] >>> [apiv2][(partial)header] GET https://serviceusage.googleapis.com/v1/projects/asociacion-mendocina-atletismo/services/cloudfunctions.googleapis.com x-goog-quota-user=projects/asociacion-mendocina-atletismo
[debug] [2025-03-16T02:49:57.443Z] >>> [apiv2][query] GET https://serviceusage.googleapis.com/v1/projects/asociacion-mendocina-atletismo/services/runtimeconfig.googleapis.com [none]
[debug] [2025-03-16T02:49:57.443Z] >>> [apiv2][(partial)header] GET https://serviceusage.googleapis.com/v1/projects/asociacion-mendocina-atletismo/services/runtimeconfig.googleapis.com x-goog-quota-user=projects/asociacion-mendocina-atletismo
[debug] [2025-03-16T02:49:57.444Z] >>> [apiv2][query] GET https://serviceusage.googleapis.com/v1/projects/asociacion-mendocina-atletismo/services/cloudbuild.googleapis.com [none]
[debug] [2025-03-16T02:49:57.444Z] >>> [apiv2][(partial)header] GET https://serviceusage.googleapis.com/v1/projects/asociacion-mendocina-atletismo/services/cloudbuild.googleapis.com x-goog-quota-user=projects/asociacion-mendocina-atletismo
[debug] [2025-03-16T02:49:57.444Z] >>> [apiv2][query] GET https://serviceusage.googleapis.com/v1/projects/asociacion-mendocina-atletismo/services/artifactregistry.googleapis.com [none]
[debug] [2025-03-16T02:49:57.444Z] >>> [apiv2][(partial)header] GET https://serviceusage.googleapis.com/v1/projects/asociacion-mendocina-atletismo/services/artifactregistry.googleapis.com x-goog-quota-user=projects/asociacion-mendocina-atletismo
[debug] [2025-03-16T02:49:58.543Z] <<< [apiv2][status] GET https://serviceusage.googleapis.com/v1/projects/asociacion-mendocina-atletismo/services/runtimeconfig.googleapis.com 200
[debug] [2025-03-16T02:49:58.543Z] <<< [apiv2][body] GET https://serviceusage.googleapis.com/v1/projects/asociacion-mendocina-atletismo/services/runtimeconfig.googleapis.com [omitted]
[debug] [2025-03-16T02:49:58.555Z] <<< [apiv2][status] GET https://serviceusage.googleapis.com/v1/projects/asociacion-mendocina-atletismo/services/cloudfunctions.googleapis.com 200
[debug] [2025-03-16T02:49:58.555Z] <<< [apiv2][body] GET https://serviceusage.googleapis.com/v1/projects/asociacion-mendocina-atletismo/services/cloudfunctions.googleapis.com [omitted]
[info] +  functions: required API cloudfunctions.googleapis.com is enabled 
[debug] [2025-03-16T02:49:58.558Z] <<< [apiv2][status] GET https://serviceusage.googleapis.com/v1/projects/asociacion-mendocina-atletismo/services/cloudbuild.googleapis.com 200
[debug] [2025-03-16T02:49:58.558Z] <<< [apiv2][body] GET https://serviceusage.googleapis.com/v1/projects/asociacion-mendocina-atletismo/services/cloudbuild.googleapis.com [omitted]
[info] +  functions: required API cloudbuild.googleapis.com is enabled 
[debug] [2025-03-16T02:49:58.563Z] <<< [apiv2][status] GET https://serviceusage.googleapis.com/v1/projects/asociacion-mendocina-atletismo/services/artifactregistry.googleapis.com 200
[debug] [2025-03-16T02:49:58.563Z] <<< [apiv2][body] GET https://serviceusage.googleapis.com/v1/projects/asociacion-mendocina-atletismo/services/artifactregistry.googleapis.com [omitted]
[info] +  artifactregistry: required API artifactregistry.googleapis.com is enabled 
[debug] [2025-03-16T02:49:58.564Z] Checked if tokens are valid: true, expires at: 1742096985004
[debug] [2025-03-16T02:49:58.564Z] Checked if tokens are valid: true, expires at: 1742096985004
[debug] [2025-03-16T02:49:58.564Z] >>> [apiv2][query] GET https://firebase.googleapis.com/v1beta1/projects/asociacion-mendocina-atletismo/adminSdkConfig [none]
[debug] [2025-03-16T02:50:00.172Z] <<< [apiv2][status] GET https://firebase.googleapis.com/v1beta1/projects/asociacion-mendocina-atletismo/adminSdkConfig 200
[debug] [2025-03-16T02:50:00.172Z] <<< [apiv2][body] GET https://firebase.googleapis.com/v1beta1/projects/asociacion-mendocina-atletismo/adminSdkConfig {"projectId":"asociacion-mendocina-atletismo","storageBucket":"asociacion-mendocina-atletismo.appspot.com","locationId":"southamerica-east1"}
[debug] [2025-03-16T02:50:00.173Z] Checked if tokens are valid: true, expires at: 1742096985004
[debug] [2025-03-16T02:50:00.173Z] Checked if tokens are valid: true, expires at: 1742096985004
[debug] [2025-03-16T02:50:00.173Z] >>> [apiv2][query] GET https://runtimeconfig.googleapis.com/v1beta1/projects/asociacion-mendocina-atletismo/configs [none]
[debug] [2025-03-16T02:50:00.670Z] <<< [apiv2][status] GET https://runtimeconfig.googleapis.com/v1beta1/projects/asociacion-mendocina-atletismo/configs 200
[debug] [2025-03-16T02:50:00.670Z] <<< [apiv2][body] GET https://runtimeconfig.googleapis.com/v1beta1/projects/asociacion-mendocina-atletismo/configs {}
[debug] [2025-03-16T02:50:00.672Z] Validating nodejs source
[warn] !  functions: Runtime Node.js 18 will be deprecated on 2025-04-30 and will be decommissioned on 2025-10-31, after which you will not be able to deploy without upgrading. Consider upgrading now to avoid disruption. See https://cloud.google.com/functions/docs/runtime-support for full details on the lifecycle policy 
[warn] !  functions: package.json indicates an outdated version of firebase-functions. Please upgrade using npm install --save firebase-functions@latest in your functions directory. 
[warn] !  functions: Please note that there will be breaking changes when you upgrade. 
[debug] [2025-03-16T02:50:02.217Z] > [functions] package.json contents: {
  "name": "backend-ama",
  "version": "1.0.0",
  "description": "rest server Asociacion Mendocina de Atletismo",
  "main": "app.js",
  "scripts": {
    "test": "echo \"Error: no test specified\" && exit 1",
    "dev": "nodemon app.js",
    "deploy": "firebase deploy"
  },
  "author": "",
  "license": "ISC",
  "dependencies": {
    "bcryptjs": "^2.4.3",
    "cors": "^2.8.5",
    "dotenv": "^16.3.1",
    "express": "^4.18.2",
    "express-async-errors": "^3.1.1",
    "express-fileupload": "^1.4.0",
    "express-validator": "^7.0.1",
    "firebase": "^9.23.0",
    "firebase-admin": "^11.10.0",
    "firebase-functions": "^4.4.1",
    "handlebars": "^4.7.7",
    "json2csv": "^6.0.0-alpha.2",
    "jsonwebtoken": "^9.0.0",
    "mongoose": "^7.3.1",
    "nodemailer": "^6.9.3",
    "uuid": "^9.0.0"
  },
  "devDependencies": {
    "nodemon": "^2.0.22"
  }
}
[debug] [2025-03-16T02:50:02.218Z] Building nodejs source
[info] i  functions: Loading and analyzing source code for codebase default to determine what to deploy 
[info] i  functions: You are using a version of firebase-functions SDK (4.4.1) that does not have support for the newest Firebase Extensions features. Please update firebase-functions SDK to >=5.1.0 to use them correctly 
[debug] [2025-03-16T02:50:02.221Z] Could not find functions.yaml. Must use http discovery
[debug] [2025-03-16T02:50:02.228Z] Found firebase-functions binary at 'C:\Users\renat\OneDrive - Universidad Nacional de Cuyo\Desktop\renato\laburos\AMA\backend\node_modules\.bin\firebase-functions'
[info] Serving at port 8099

[info] Corriendo

[debug] [2025-03-16T02:50:03.747Z] Got response from /__/functions.yaml {"endpoints":{"app":{"platform":"gcfv1","availableMemoryMb":null,"timeoutSeconds":null,"minInstances":null,"maxInstances":null,"ingressSettings":null,"serviceAccountEmail":null,"vpc":null,"httpsTrigger":{},"entryPoint":"app"}},"specVersion":"v1alpha1","requiredAPIs":[]}
[info] Base de datos online

